Arguments: 
  /usr/local/bin/node /usr/local/bin/yarn add concurrently

PATH: 
  /usr/local/bin:/usr/bin:/bin:/usr/sbin:/sbin

Yarn version: 
  1.5.1

Node version: 
  8.9.4

Platform: 
  darwin x64

npm manifest: 
  {
    "name": "divinenaturenetwork",
    "version": "1.0.0",
    "description": "",
    "main": "server.js",
    "scripts": {
      "server": "node server.js",
      "client": "node scripts/start-client.js",
      "start": "concurrently \"nodemon server.js\" \"npm run client\"",
      "build": "node scripts/build.js",
      "test": "echo \"Error: no test specified\" && exit 1",
      "installDeps": "yarn && cd client && yarn"
    },
    "repository": {
      "type": "git",
      "url": "git+https://github.com/calebkloeckner/divinenaturenetwork.git"
    },
    "author": "",
    "license": "ISC",
    "bugs": {
      "url": "https://github.com/calebkloeckner/divinenaturenetwork/issues"
    },
    "homepage": "https://github.com/calebkloeckner/divinenaturenetwork#readme",
    "dependencies": {
      "body-parser": "^1.18.2",
      "express": "^4.16.3",
      "mongoose": "^5.0.13"
    }
  }

yarn manifest: 
  No manifest

Lockfile: 
  No lockfile

Trace: 
  Error: getaddrinfo ENOTFOUND registry.yarnpkg.com registry.yarnpkg.com:443
      at errnoException (dns.js:50:10)
      at GetAddrInfoReqWrap.onlookup [as oncomplete] (dns.js:92:26)
